<?xml version="1.0" encoding="UTF-8"?>
<!-- Generated by org.testng.reporters.JUnitReportReporter -->
<testsuite hostname="LAPTOP-BIEJCLNB" failures="0" tests="1" name="test.Mousehover" time="4.380" errors="0" timestamp="2023-10-30T19:20:04 IST" skipped="0">
  <testcase classname="test.Mousehover" name="test1" time="4.380"/>
  <system-out/>
</testsuite> <!-- test.Mousehover -->
