<?xml version="1.0" encoding="UTF-8"?>
<!-- Generated by org.testng.reporters.JUnitReportReporter -->
<testsuite hostname="LAPTOP-BIEJCLNB" failures="0" tests="1" name="test.Screenshotwholepage$ScreenshotWholepg" time="2.798" errors="0" timestamp="2023-10-31T07:59:06 IST" skipped="0">
  <testcase classname="test.Screenshotwholepage$ScreenshotWholepg" name="scrnshot" time="2.798"/>
  <system-out/>
</testsuite> <!-- test.Screenshotwholepage$ScreenshotWholepg -->
