<?xml version="1.0" encoding="UTF-8"?>
<!-- Generated by org.testng.reporters.JUnitReportReporter -->
<testsuite hostname="LAPTOP-BIEJCLNB" failures="0" tests="1" name="test.Scrolldowntest" time="9.736" errors="0" timestamp="2023-10-30T17:45:02 IST" skipped="0">
  <testcase classname="test.Scrolldowntest" name="test1" time="9.736"/>
  <system-out/>
</testsuite> <!-- test.Scrolldowntest -->
