<?xml version="1.0" encoding="UTF-8"?>
<!-- Generated by org.testng.reporters.JUnitReportReporter -->
<testsuite hostname="LAPTOP-BIEJCLNB" failures="0" tests="1" name="test.Screenshotsingleelement" time="0.233" errors="0" timestamp="2023-10-30T19:42:47 IST" skipped="0">
  <testcase classname="test.Screenshotsingleelement" name="scrnsht" time="0.233"/>
  <system-out/>
</testsuite> <!-- test.Screenshotsingleelement -->
